#
# A fatal error has been detected by the Java Runtime Environment:
#
#  EXCEPTION_ACCESS_VIOLATION (0xc0000005) at pc=0x000000006fc0eb40, pid=10212, tid=9732
#
# JRE version: Java(TM) SE Runtime Environment (8.0_91-b15) (build 1.8.0_91-b15)
# Java VM: Java HotSpot(TM) 64-Bit Server VM (25.91-b15 mixed mode windows-amd64 compressed oops)
# Problematic frame:
# V  [jvm.dll+0xaeb40]
#
# Failed to write core dump. Minidumps are not enabled by default on client versions of Windows
#
# If you would like to submit a bug report, please visit:
#   http://bugreport.java.com/bugreport/crash.jsp
#

---------------  T H R E A D  ---------------

Current thread (0x0000000004ee6800):  GCTaskThread [stack: 0x00000000148a0000,0x00000000149a0000] [id=9732]

siginfo: ExceptionCode=0xc0000005, reading address 0x0000000000000050

Registers:
RAX=0x0000000014ca0000, RBX=0x00000000b787fbd8, RCX=0x00000000b787fbd8, RDX=0x0000000000000048
RSP=0x000000001499f418, RBP=0x0000000004fba450, RSI=0x00000000e9b27df0, RDI=0x00000000b787fbd8
R8 =0x00000000000bc3fd, R9 =0x0000000000000000, R10=0x000000000000000c, R11=0x0000000000000000
R12=0x00000000e9b27e68, R13=0x0000000000000020, R14=0x00000000e9b27dd8, R15=0x0000000000000020
RIP=0x000000006fc0eb40, EFLAGS=0x0000000000010206

Top of Stack: (sp=0x000000001499f418)
0x000000001499f418:   000000006fc6a027 00000000e9b27dd8
0x000000001499f428:   000000006ff57958 0000000070372f70
0x000000001499f438:   0000000000000012 00000000b787fbd8
0x000000001499f448:   000000006fc9932a 0000000000007c80
0x000000001499f458:   000000006fc73866 00000000e9b27dd8
0x000000001499f468:   00000000e9b27dd4 0000000004fba450
0x000000001499f478:   000000006fc99433 0000000000000000
0x000000001499f488:   0000000004ee6d80 0000000004ee2410
0x000000001499f498:   0000000000000000 0000000000007c80
0x000000001499f4a8:   000000006ff53a40 0000000004fba450
0x000000001499f4b8:   0000000000000000 00000000701ab698
0x000000001499f4c8:   00000000701ab698 00000000e41375a8
0x000000001499f4d8:   0000000004fba450 00000000e79accb4
0x000000001499f4e8:   0000000000000006 00000000e41375a8
0x000000001499f4f8:   000000006fc993a1 000000001887f460
0x000000001499f508:   0000d13d000012bd 0000000004ee6800 

Instructions: (pc=0x000000006fc0eb40)
0x000000006fc0eb20:   4c ab 1d 00 48 8b 9c 24 d0 00 00 00 48 81 c4 c0
0x000000006fc0eb30:   00 00 00 5d c3 cc cc cc cc cc cc cc cc cc cc cc
0x000000006fc0eb40:   44 8b 42 08 4c 8b ca 45 85 c0 7e 0e 41 f6 c0 01
0x000000006fc0eb50:   75 57 41 c1 f8 03 41 8b c0 c3 79 4d 80 3d ce 50 


Register to memory mapping:

RAX=0x0000000014ca0000 is an unknown value
RBX=0x00000000b787fbd8 is pointing into object: 0x00000000b787fbc8
com.android.dx.rop.code.RegisterSpecSet 
 - klass: 'com/android/dx/rop/code/RegisterSpecSet'
RCX=0x00000000b787fbd8 is pointing into object: 0x00000000b787fbc8
com.android.dx.rop.code.RegisterSpecSet 
 - klass: 'com/android/dx/rop/code/RegisterSpecSet'
RDX=0x0000000000000048 is an unknown value
RSP=0x000000001499f418 is an unknown value
RBP=0x0000000004fba450 is an unknown value
RSI=0x00000000e9b27df0 is an oop

[error occurred during error reporting (printing register info), id 0xc0000005]

Stack: [0x00000000148a0000,0x00000000149a0000],  sp=0x000000001499f418,  free space=1021k
Native frames: (J=compiled Java code, j=interpreted, Vv=VM code, C=native code)
V  [jvm.dll+0xaeb40]


---------------  P R O C E S S  ---------------

Java Threads: ( => current thread )
  0x0000000022ef5800 JavaThread "pool-51-thread-1" [_thread_blocked, id=12704, stack(0x0000000045730000,0x0000000045830000)]
  0x000000001db8a000 JavaThread "Stdin handler" [_thread_blocked, id=7592, stack(0x0000000044c30000,0x0000000044d30000)]
  0x000000001db8e000 JavaThread "Asynchronous log dispatcher for org.gradle.launcher.daemon.server.DefaultDaemonConnection@28e16f9a" [_thread_blocked, id=2360, stack(0x0000000044b30000,0x0000000044c30000)]
  0x000000001db8d000 JavaThread "Cancel handler" [_thread_blocked, id=12688, stack(0x0000000044a30000,0x0000000044b30000)]
  0x000000001db88800 JavaThread "Handler for socket connection from /127.0.0.1:49818 to /127.0.0.1:53663" [_thread_in_native, id=12748, stack(0x0000000044930000,0x0000000044a30000)]
  0x0000000022ef7000 JavaThread "Daemon worker Thread 11" [_thread_blocked, id=2548, stack(0x0000000043930000,0x0000000043a30000)]
  0x0000000022ee2800 JavaThread "Daemon Thread 11" [_thread_blocked, id=8228, stack(0x0000000043630000,0x0000000043730000)]
  0x0000000022ef1000 JavaThread "stdout" daemon [_thread_in_native, id=12040, stack(0x0000000041530000,0x0000000041630000)]
  0x0000000022ef0000 JavaThread "stderr" daemon [_thread_in_native, id=12052, stack(0x0000000041430000,0x0000000041530000)]
  0x0000000022eee800 JavaThread "stdout" daemon [_thread_in_native, id=10620, stack(0x0000000041330000,0x0000000041430000)]
  0x0000000022ef2800 JavaThread "stderr" daemon [_thread_in_native, id=10364, stack(0x0000000041230000,0x0000000041330000)]
  0x0000000022ef1800 JavaThread "stdout" daemon [_thread_in_native, id=10092, stack(0x0000000041130000,0x0000000041230000)]
  0x0000000022eee000 JavaThread "stderr" daemon [_thread_in_native, id=4220, stack(0x0000000041030000,0x0000000041130000)]
  0x0000000022eef800 JavaThread "stdout" daemon [_thread_in_native, id=7720, stack(0x0000000040f30000,0x0000000041030000)]
  0x0000000022eed000 JavaThread "stderr" daemon [_thread_in_native, id=8520, stack(0x0000000040e30000,0x0000000040f30000)]
  0x0000000022ee4800 JavaThread "stdout" daemon [_thread_in_native, id=2980, stack(0x0000000040d30000,0x0000000040e30000)]
  0x0000000022eeb800 JavaThread "stderr" daemon [_thread_in_native, id=12376, stack(0x0000000040c30000,0x0000000040d30000)]
  0x0000000022eea800 JavaThread "stdout" daemon [_thread_in_native, id=9940, stack(0x0000000040b30000,0x0000000040c30000)]
  0x0000000022ee3000 JavaThread "stderr" daemon [_thread_in_native, id=1584, stack(0x0000000040a30000,0x0000000040b30000)]
  0x0000000022eea000 JavaThread "stdout" daemon [_thread_in_native, id=8080, stack(0x0000000040930000,0x0000000040a30000)]
  0x0000000022ee6000 JavaThread "stderr" daemon [_thread_in_native, id=7724, stack(0x0000000040830000,0x0000000040930000)]
  0x0000000022ee9000 JavaThread "stdout" daemon [_thread_in_native, id=1424, stack(0x0000000040730000,0x0000000040830000)]
  0x0000000022ee1800 JavaThread "stderr" daemon [_thread_in_native, id=7716, stack(0x0000000040630000,0x0000000040730000)]
  0x0000000022ee7000 JavaThread "stdout" daemon [_thread_in_native, id=12836, stack(0x0000000040530000,0x0000000040630000)]
  0x0000000022ee7800 JavaThread "stderr" daemon [_thread_in_native, id=1180, stack(0x0000000040430000,0x0000000040530000)]
  0x0000000022ee4000 JavaThread "stdout" daemon [_thread_in_native, id=9720, stack(0x0000000040330000,0x0000000040430000)]
  0x0000000022ee5800 JavaThread "stderr" daemon [_thread_in_native, id=1848, stack(0x0000000040230000,0x0000000040330000)]
  0x0000000022ee8800 JavaThread "stdout" daemon [_thread_in_native, id=10552, stack(0x0000000040030000,0x0000000040130000)]
  0x0000000022eda000 JavaThread "stderr" daemon [_thread_in_native, id=5328, stack(0x000000003ff30000,0x0000000040030000)]
  0x0000000022edc800 JavaThread "stdout" daemon [_thread_in_native, id=7656, stack(0x000000003fe30000,0x000000003ff30000)]
  0x0000000022ee0000 JavaThread "stderr" daemon [_thread_in_native, id=2608, stack(0x000000003fd30000,0x000000003fe30000)]
  0x0000000022edf800 JavaThread "stdout" daemon [_thread_in_native, id=3912, stack(0x000000003fc30000,0x000000003fd30000)]
  0x0000000022ede000 JavaThread "stderr" daemon [_thread_in_native, id=8400, stack(0x000000003fb30000,0x000000003fc30000)]
  0x0000000022edd000 JavaThread "stdout" daemon [_thread_in_native, id=9812, stack(0x000000003fa30000,0x000000003fb30000)]
  0x0000000022edb800 JavaThread "stderr" daemon [_thread_in_native, id=5372, stack(0x000000003f930000,0x000000003fa30000)]
  0x0000000022ee1000 JavaThread "stdout" daemon [_thread_in_native, id=10748, stack(0x000000003f830000,0x000000003f930000)]
  0x0000000022ede800 JavaThread "stderr" daemon [_thread_in_native, id=11316, stack(0x000000003f730000,0x000000003f830000)]
  0x0000000022edb000 JavaThread "stdout" daemon [_thread_in_native, id=12648, stack(0x000000003f630000,0x000000003f730000)]
  0x000000001acbe000 JavaThread "stderr" daemon [_thread_in_native, id=11820, stack(0x000000003f530000,0x000000003f630000)]
  0x000000001acbd000 JavaThread "stdout" daemon [_thread_in_native, id=10700, stack(0x000000003f430000,0x000000003f530000)]
  0x000000001acbc800 JavaThread "stderr" daemon [_thread_in_native, id=10716, stack(0x000000003f330000,0x000000003f430000)]
  0x000000001acb9800 JavaThread "png-cruncher_20" daemon [_thread_blocked, id=7436, stack(0x000000003f230000,0x000000003f330000)]
  0x000000001acbb800 JavaThread "png-cruncher_19" daemon [_thread_blocked, id=5436, stack(0x000000003f130000,0x000000003f230000)]
  0x000000001acba000 JavaThread "png-cruncher_18" daemon [_thread_blocked, id=10760, stack(0x000000003f030000,0x000000003f130000)]
  0x000000001acbb000 JavaThread "png-cruncher_17" daemon [_thread_blocked, id=10672, stack(0x000000003ef30000,0x000000003f030000)]
  0x000000001acbe800 JavaThread "png-cruncher_16" daemon [_thread_blocked, id=10688, stack(0x000000003ee30000,0x000000003ef30000)]
  0x000000001acb2000 JavaThread "png-cruncher_15" daemon [_thread_blocked, id=1608, stack(0x000000003ed30000,0x000000003ee30000)]
  0x000000001acb2800 JavaThread "png-cruncher_14" daemon [_thread_blocked, id=7092, stack(0x000000003ec30000,0x000000003ed30000)]
  0x000000001acb8800 JavaThread "png-cruncher_13" daemon [_thread_blocked, id=8708, stack(0x000000003eb30000,0x000000003ec30000)]
  0x000000001acb8000 JavaThread "png-cruncher_12" daemon [_thread_blocked, id=7916, stack(0x000000003ea30000,0x000000003eb30000)]
  0x000000001acb6800 JavaThread "png-cruncher_11" daemon [_thread_blocked, id=2204, stack(0x000000003e930000,0x000000003ea30000)]
  0x000000001acb5800 JavaThread "stdout" daemon [_thread_in_native, id=2284, stack(0x000000003e830000,0x000000003e930000)]
  0x000000001acb0800 JavaThread "stderr" daemon [_thread_in_native, id=7180, stack(0x000000003e730000,0x000000003e830000)]
  0x000000001acb3800 JavaThread "stdout" daemon [_thread_in_native, id=8264, stack(0x000000003e630000,0x000000003e730000)]
  0x000000001acb4000 JavaThread "stderr" daemon [_thread_in_native, id=5416, stack(0x000000003e530000,0x000000003e630000)]
  0x000000001acb7000 JavaThread "stdout" daemon [_thread_in_native, id=10292, stack(0x000000003e430000,0x000000003e530000)]
  0x000000001acb1000 JavaThread "stderr" daemon [_thread_in_native, id=6556, stack(0x000000003e330000,0x000000003e430000)]
  0x000000001acaf800 JavaThread "png-cruncher_10" daemon [_thread_blocked, id=3436, stack(0x000000003e230000,0x000000003e330000)]
  0x000000001acb5000 JavaThread "png-cruncher_9" daemon [_thread_blocked, id=6700, stack(0x000000003e130000,0x000000003e230000)]
  0x000000001fbce800 JavaThread "png-cruncher_8" daemon [_thread_blocked, id=11108, stack(0x000000003e030000,0x000000003e130000)]
  0x000000001f266000 JavaThread "png-cruncher_7" daemon [_thread_blocked, id=6860, stack(0x000000003df30000,0x000000003e030000)]
  0x000000001f265800 JavaThread "png-cruncher_6" daemon [_thread_blocked, id=12672, stack(0x000000003de30000,0x000000003df30000)]
  0x000000001f26c000 JavaThread "png-cruncher_5" daemon [_thread_blocked, id=12712, stack(0x000000003dd30000,0x000000003de30000)]
  0x000000001fa2a800 JavaThread "png-cruncher_4" daemon [_thread_blocked, id=1856, stack(0x000000003dc30000,0x000000003dd30000)]
  0x000000001fa2e000 JavaThread "png-cruncher_3" daemon [_thread_blocked, id=12788, stack(0x000000003db30000,0x000000003dc30000)]
  0x000000001fa29800 JavaThread "png-cruncher_2" daemon [_thread_blocked, id=9456, stack(0x000000003da30000,0x000000003db30000)]
  0x000000001fa2c800 JavaThread "png-cruncher_1" daemon [_thread_blocked, id=3248, stack(0x000000003d930000,0x000000003da30000)]
  0x000000001fa2f000 JavaThread "stdout" daemon [_thread_in_native, id=3568, stack(0x0000000037f30000,0x0000000038030000)]
  0x000000001fa2d800 JavaThread "stderr" daemon [_thread_in_native, id=8016, stack(0x0000000037e30000,0x0000000037f30000)]
  0x000000001fa22000 JavaThread "stdout" daemon [_thread_in_native, id=11512, stack(0x0000000037d30000,0x0000000037e30000)]
  0x000000001fa26000 JavaThread "stderr" daemon [_thread_in_native, id=11496, stack(0x0000000037c30000,0x0000000037d30000)]
  0x000000001fa29000 JavaThread "stdout" daemon [_thread_in_native, id=192, stack(0x0000000037b30000,0x0000000037c30000)]
  0x000000001fa28000 JavaThread "stderr" daemon [_thread_in_native, id=11432, stack(0x0000000037a30000,0x0000000037b30000)]
  0x000000001fa24800 JavaThread "stdout" daemon [_thread_in_native, id=13260, stack(0x0000000037930000,0x0000000037a30000)]
  0x000000001fa23000 JavaThread "stderr" daemon [_thread_in_native, id=7064, stack(0x0000000037830000,0x0000000037930000)]
  0x000000001fa26800 JavaThread "stdout" daemon [_thread_in_native, id=12756, stack(0x0000000037730000,0x0000000037830000)]
  0x000000001fa27800 JavaThread "stderr" daemon [_thread_in_native, id=700, stack(0x0000000037630000,0x0000000037730000)]
  0x000000001fa21800 JavaThread "stdout" daemon [_thread_in_native, id=12584, stack(0x0000000037530000,0x0000000037630000)]
  0x000000001fa20800 JavaThread "stderr" daemon [_thread_in_native, id=4860, stack(0x0000000037430000,0x0000000037530000)]
  0x000000001fa23800 JavaThread "stdout" daemon [_thread_in_native, id=656, stack(0x0000000037330000,0x0000000037430000)]
  0x000000001fa20000 JavaThread "stderr" daemon [_thread_in_native, id=4172, stack(0x0000000037230000,0x0000000037330000)]
  0x000000001fa25000 JavaThread "stdout" daemon [_thread_in_native, id=2760, stack(0x0000000037130000,0x0000000037230000)]
  0x000000001fbd0000 JavaThread "stderr" daemon [_thread_in_native, id=13188, stack(0x0000000037030000,0x0000000037130000)]
  0x000000001fbcd000 JavaThread "stdout" daemon [_thread_in_native, id=12896, stack(0x0000000036e30000,0x0000000036f30000)]
  0x000000001fbcc000 JavaThread "stderr" daemon [_thread_in_native, id=11796, stack(0x0000000036d30000,0x0000000036e30000)]
  0x000000001fbcd800 JavaThread "stdout" daemon [_thread_in_native, id=12224, stack(0x0000000036c30000,0x0000000036d30000)]
  0x000000001fbca800 JavaThread "stderr" daemon [_thread_in_native, id=10520, stack(0x0000000036b30000,0x0000000036c30000)]
  0x000000001fbcf000 JavaThread "stdout" daemon [_thread_in_native, id=11872, stack(0x0000000036a30000,0x0000000036b30000)]
  0x000000001fbcb800 JavaThread "stderr" daemon [_thread_in_native, id=10468, stack(0x0000000036930000,0x0000000036a30000)]
  0x000000001fbc3000 JavaThread "stdout" daemon [_thread_in_native, id=12484, stack(0x0000000036830000,0x0000000036930000)]
  0x000000001fbca000 JavaThread "stderr" daemon [_thread_in_native, id=2632, stack(0x0000000036730000,0x0000000036830000)]
  0x000000001fbc2800 JavaThread "stdout" daemon [_thread_in_native, id=13196, stack(0x0000000036630000,0x0000000036730000)]
  0x000000001fbc9000 JavaThread "stderr" daemon [_thread_in_native, id=11640, stack(0x0000000036530000,0x0000000036630000)]
  0x000000001fbc8800 JavaThread "stdout" daemon [_thread_in_native, id=9556, stack(0x0000000036430000,0x0000000036530000)]
  0x000000001fbc1000 JavaThread "stderr" daemon [_thread_in_native, id=11308, stack(0x0000000036330000,0x0000000036430000)]
  0x000000001fbc1800 JavaThread "stdout" daemon [_thread_in_native, id=2636, stack(0x0000000036230000,0x0000000036330000)]
  0x000000001fbc7800 JavaThread "stderr" daemon [_thread_in_native, id=7104, stack(0x0000000036130000,0x0000000036230000)]
  0x000000001fbc7000 JavaThread "stdout" daemon [_thread_in_native, id=220, stack(0x0000000036030000,0x0000000036130000)]
  0x000000001fbc5800 JavaThread "stderr" daemon [_thread_in_native, id=8612, stack(0x0000000035f30000,0x0000000036030000)]
  0x000000001fbc6000 JavaThread "stdout" daemon [_thread_in_native, id=10832, stack(0x0000000035e30000,0x0000000035f30000)]
  0x000000001fbc4000 JavaThread "stderr" daemon [_thread_in_native, id=11524, stack(0x0000000035d30000,0x0000000035e30000)]
  0x000000001fbc4800 JavaThread "stdout" daemon [_thread_in_native, id=12664, stack(0x0000000035c30000,0x0000000035d30000)]
  0x000000002119d000 JavaThread "stderr" daemon [_thread_in_native, id=7472, stack(0x0000000035b30000,0x0000000035c30000)]
  0x000000002119c800 JavaThread "stdout" daemon [_thread_in_native, id=6056, stack(0x0000000035a30000,0x0000000035b30000)]
  0x000000002119b800 JavaThread "stderr" daemon [_thread_in_native, id=11488, stack(0x0000000035930000,0x0000000035a30000)]
  0x000000002119b000 JavaThread "stdout" daemon [_thread_in_native, id=6324, stack(0x0000000035830000,0x0000000035930000)]
  0x000000002119a000 JavaThread "stderr" daemon [_thread_in_native, id=13112, stack(0x0000000035730000,0x0000000035830000)]
  0x0000000021199800 JavaThread "png-cruncher_20" daemon [_thread_blocked, id=4904, stack(0x0000000035630000,0x0000000035730000)]
  0x0000000021198800 JavaThread "png-cruncher_19" daemon [_thread_blocked, id=6404, stack(0x0000000035530000,0x0000000035630000)]
  0x000000002119f800 JavaThread "png-cruncher_18" daemon [_thread_blocked, id=10152, stack(0x0000000035430000,0x0000000035530000)]
  0x000000002119e800 JavaThread "png-cruncher_17" daemon [_thread_blocked, id=2336, stack(0x0000000035330000,0x0000000035430000)]
  0x000000002119e000 JavaThread "png-cruncher_16" daemon [_thread_blocked, id=4516, stack(0x0000000035230000,0x0000000035330000)]
  0x0000000021191000 JavaThread "png-cruncher_15" daemon [_thread_blocked, id=12776, stack(0x0000000035130000,0x0000000035230000)]
  0x0000000021198000 JavaThread "png-cruncher_14" daemon [_thread_blocked, id=13228, stack(0x0000000035030000,0x0000000035130000)]
  0x0000000021193800 JavaThread "png-cruncher_13" daemon [_thread_blocked, id=10216, stack(0x0000000034f30000,0x0000000035030000)]
  0x0000000021192800 JavaThread "png-cruncher_12" daemon [_thread_blocked, id=10056, stack(0x0000000034e30000,0x0000000034f30000)]
  0x0000000021192000 JavaThread "png-cruncher_11" daemon [_thread_blocked, id=10200, stack(0x0000000034d30000,0x0000000034e30000)]
  0x0000000021194000 JavaThread "png-cruncher_10" daemon [_thread_blocked, id=9932, stack(0x0000000034c30000,0x0000000034d30000)]
  0x0000000021195800 JavaThread "png-cruncher_9" daemon [_thread_blocked, id=9880, stack(0x0000000034b30000,0x0000000034c30000)]
  0x0000000021196800 JavaThread "png-cruncher_8" daemon [_thread_blocked, id=12188, stack(0x0000000034a30000,0x0000000034b30000)]
  0x0000000021190800 JavaThread "png-cruncher_7" daemon [_thread_blocked, id=3640, stack(0x0000000034930000,0x0000000034a30000)]
  0x0000000021195000 JavaThread "png-cruncher_6" daemon [_thread_blocked, id=8740, stack(0x0000000034830000,0x0000000034930000)]
  0x0000000021197000 JavaThread "png-cruncher_5" daemon [_thread_blocked, id=13020, stack(0x0000000034730000,0x0000000034830000)]
  0x00000000216f5000 JavaThread "png-cruncher_4" daemon [_thread_blocked, id=2236, stack(0x0000000034630000,0x0000000034730000)]
  0x00000000216f6800 JavaThread "png-cruncher_3" daemon [_thread_blocked, id=7728, stack(0x0000000034530000,0x0000000034630000)]
  0x00000000216f4000 JavaThread "png-cruncher_2" daemon [_thread_blocked, id=11372, stack(0x0000000034430000,0x0000000034530000)]
  0x00000000216fb000 JavaThread "png-cruncher_1" daemon [_thread_blocked, id=11924, stack(0x0000000034330000,0x0000000034430000)]
  0x000000001f264800 JavaThread "stdout" daemon [_thread_in_native, id=5016, stack(0x0000000031030000,0x0000000031130000)]
  0x000000001f267800 JavaThread "stderr" daemon [_thread_in_native, id=7248, stack(0x0000000030f30000,0x0000000031030000)]
  0x000000001f267000 JavaThread "stdout" daemon [_thread_in_native, id=11484, stack(0x0000000030e30000,0x0000000030f30000)]
  0x000000001f26b800 JavaThread "stderr" daemon [_thread_in_native, id=7764, stack(0x0000000030d30000,0x0000000030e30000)]
  0x000000001f26a800 JavaThread "stdout" daemon [_thread_in_native, id=8040, stack(0x0000000030c30000,0x0000000030d30000)]
  0x000000001f268800 JavaThread "stderr" daemon [_thread_in_native, id=820, stack(0x0000000030b30000,0x0000000030c30000)]
  0x000000001f269000 JavaThread "stdout" daemon [_thread_in_native, id=12780, stack(0x0000000030a30000,0x0000000030b30000)]
  0x000000001f25d000 JavaThread "stderr" daemon [_thread_in_native, id=1736, stack(0x0000000030930000,0x0000000030a30000)]
  0x000000001f264000 JavaThread "stdout" daemon [_thread_in_native, id=7284, stack(0x0000000030830000,0x0000000030930000)]
  0x000000001f263000 JavaThread "stderr" daemon [_thread_in_native, id=12116, stack(0x0000000030730000,0x0000000030830000)]
  0x000000001f260000 JavaThread "stdout" daemon [_thread_in_native, id=8464, stack(0x0000000030530000,0x0000000030630000)]
  0x000000001f25e800 JavaThread "stderr" daemon [_thread_in_native, id=5480, stack(0x0000000030430000,0x0000000030530000)]
  0x000000001f261000 JavaThread "stdout" daemon [_thread_in_native, id=6752, stack(0x0000000030330000,0x0000000030430000)]
  0x000000001f25f800 JavaThread "stderr" daemon [_thread_in_native, id=8348, stack(0x0000000030230000,0x0000000030330000)]
  0x000000001f25e000 JavaThread "stdout" daemon [_thread_in_native, id=12696, stack(0x0000000030130000,0x0000000030230000)]
  0x000000001f261800 JavaThread "stderr" daemon [_thread_in_native, id=3844, stack(0x0000000030030000,0x0000000030130000)]
  0x0000000020389000 JavaThread "stdout" daemon [_thread_in_native, id=12284, stack(0x000000002ff30000,0x0000000030030000)]
  0x000000002038f800 JavaThread "stderr" daemon [_thread_in_native, id=5356, stack(0x000000002fe30000,0x000000002ff30000)]
  0x000000002038e000 JavaThread "stdout" daemon [_thread_in_native, id=13116, stack(0x000000002fd30000,0x000000002fe30000)]
  0x000000002038c800 JavaThread "stderr" daemon [_thread_in_native, id=12732, stack(0x000000002fc30000,0x000000002fd30000)]
  0x0000000020389800 JavaThread "stdout" daemon [_thread_in_native, id=10768, stack(0x000000002fb30000,0x000000002fc30000)]
  0x000000002038c000 JavaThread "stderr" daemon [_thread_in_native, id=5336, stack(0x000000002fa30000,0x000000002fb30000)]
  0x000000002038b000 JavaThread "stdout" daemon [_thread_in_native, id=7496, stack(0x000000002f930000,0x000000002fa30000)]
  0x000000002038f000 JavaThread "stderr" daemon [_thread_in_native, id=13304, stack(0x000000002f830000,0x000000002f930000)]
  0x000000002038d800 JavaThread "stdout" daemon [_thread_in_native, id=10192, stack(0x000000002f730000,0x000000002f830000)]
  0x000000002038a800 JavaThread "stderr" daemon [_thread_in_native, id=10368, stack(0x000000002f630000,0x000000002f730000)]
  0x0000000020381800 JavaThread "stdout" daemon [_thread_in_native, id=9568, stack(0x000000002f530000,0x000000002f630000)]
  0x0000000020388000 JavaThread "stderr" daemon [_thread_in_native, id=12508, stack(0x000000002f430000,0x000000002f530000)]
  0x0000000020387800 JavaThread "stdout" daemon [_thread_in_native, id=3476, stack(0x000000002f330000,0x000000002f430000)]
  0x0000000020380800 JavaThread "stderr" daemon [_thread_in_native, id=7460, stack(0x000000002f230000,0x000000002f330000)]
  0x0000000020383800 JavaThread "stdout" daemon [_thread_in_native, id=12308, stack(0x000000002f130000,0x000000002f230000)]
  0x0000000020386800 JavaThread "stderr" daemon [_thread_in_native, id=12460, stack(0x000000002f030000,0x000000002f130000)]
  0x0000000020385000 JavaThread "stdout" daemon [_thread_in_native, id=11704, stack(0x000000002ef30000,0x000000002f030000)]
  0x0000000020384800 JavaThread "stderr" daemon [_thread_in_native, id=4044, stack(0x000000002ee30000,0x000000002ef30000)]
  0x0000000020383000 JavaThread "stdout" daemon [_thread_in_native, id=12168, stack(0x000000002ed30000,0x000000002ee30000)]
  0x0000000020386000 JavaThread "stderr" daemon [_thread_in_native, id=11492, stack(0x000000002ec30000,0x000000002ed30000)]
  0x0000000020382000 JavaThread "stdout" daemon [_thread_in_native, id=6328, stack(0x000000002eb30000,0x000000002ec30000)]
  0x000000001b0ea000 JavaThread "stdout" daemon [_thread_in_native, id=7212, stack(0x000000002ea30000,0x000000002eb30000)]
  0x000000001b0e8800 JavaThread "stderr" daemon [_thread_in_native, id=5400, stack(0x000000002e930000,0x000000002ea30000)]
  0x000000001b0e7000 JavaThread "stderr" daemon [_thread_in_native, id=8568, stack(0x000000002e830000,0x000000002e930000)]
  0x000000001b0e6000 JavaThread "png-cruncher_20" daemon [_thread_blocked, id=7332, stack(0x000000002e730000,0x000000002e830000)]
  0x000000001b0e7800 JavaThread "png-cruncher_19" daemon [_thread_blocked, id=1652, stack(0x000000002e630000,0x000000002e730000)]
  0x000000001b0e5800 JavaThread "png-cruncher_18" daemon [_thread_blocked, id=12176, stack(0x000000002e530000,0x000000002e630000)]
  0x000000001b0e9000 JavaThread "png-cruncher_17" daemon [_thread_blocked, id=7352, stack(0x000000002e430000,0x000000002e530000)]
  0x000000001b0e4800 JavaThread "png-cruncher_16" daemon [_thread_blocked, id=10068, stack(0x000000002e330000,0x000000002e430000)]
  0x000000001b0dd000 JavaThread "png-cruncher_15" daemon [_thread_blocked, id=12920, stack(0x000000002e230000,0x000000002e330000)]
  0x000000001b0e4000 JavaThread "png-cruncher_14" daemon [_thread_blocked, id=2152, stack(0x000000002e130000,0x000000002e230000)]
  0x000000001b0dc800 JavaThread "png-cruncher_13" daemon [_thread_blocked, id=420, stack(0x000000002e030000,0x000000002e130000)]
  0x000000001b0e1000 JavaThread "png-cruncher_12" daemon [_thread_blocked, id=10720, stack(0x000000002df30000,0x000000002e030000)]
  0x000000001b0de000 JavaThread "png-cruncher_11" daemon [_thread_blocked, id=1224, stack(0x000000002de30000,0x000000002df30000)]
  0x000000001b0de800 JavaThread "png-cruncher_10" daemon [_thread_blocked, id=3008, stack(0x000000002dd30000,0x000000002de30000)]
  0x000000001b0e3000 JavaThread "png-cruncher_9" daemon [_thread_blocked, id=9428, stack(0x000000002dc30000,0x000000002dd30000)]
  0x000000001b0db800 JavaThread "png-cruncher_8" daemon [_thread_blocked, id=10460, stack(0x000000002db30000,0x000000002dc30000)]
  0x000000001b0e0000 JavaThread "png-cruncher_7" daemon [_thread_blocked, id=4872, stack(0x000000002da30000,0x000000002db30000)]
  0x000000001b0df800 JavaThread "png-cruncher_6" daemon [_thread_blocked, id=1032, stack(0x000000002d930000,0x000000002da30000)]
  0x000000001b0e2800 JavaThread "png-cruncher_5" daemon [_thread_blocked, id=8536, stack(0x000000002d830000,0x000000002d930000)]
  0x000000001b0db000 JavaThread "png-cruncher_4" daemon [_thread_blocked, id=11824, stack(0x000000002d730000,0x000000002d830000)]
  0x000000001b0e1800 JavaThread "png-cruncher_3" daemon [_thread_blocked, id=11172, stack(0x000000002d630000,0x000000002d730000)]
  0x00000000216f7000 JavaThread "png-cruncher_2" daemon [_thread_blocked, id=6156, stack(0x000000002d530000,0x000000002d630000)]
  0x00000000216f5800 JavaThread "png-cruncher_1" daemon [_thread_blocked, id=7260, stack(0x000000002d430000,0x000000002d530000)]
  0x000000001db96000 JavaThread "pool-4-thread-4" [_thread_blocked, id=1776, stack(0x0000000029a30000,0x0000000029b30000)]
  0x000000001db95800 JavaThread "pool-15-thread-1" [_thread_blocked, id=4996, stack(0x0000000029530000,0x0000000029630000)]
  0x000000001db8b000 JavaThread "pool-4-thread-3" [_thread_blocked, id=2324, stack(0x0000000028f30000,0x0000000029030000)]
  0x000000001db93000 JavaThread "pool-4-thread-2" [_thread_blocked, id=860, stack(0x0000000026e30000,0x0000000026f30000)]
  0x000000001db88000 JavaThread "pool-4-thread-1" [_thread_blocked, id=10332, stack(0x0000000025930000,0x0000000025a30000)]
  0x00000000216f8000 JavaThread "File lock request listener" [_thread_in_native, id=9572, stack(0x0000000020be0000,0x0000000020ce0000)]
  0x000000001ace6000 JavaThread "Incoming local TCP Connector on port 49818" [_thread_in_native, id=7336, stack(0x000000001c590000,0x000000001c690000)]
  0x000000001b579000 JavaThread "pool-1-thread-1" [_thread_blocked, id=11084, stack(0x000000001c490000,0x000000001c590000)]
  0x000000001a3a8800 JavaThread "Service Thread" daemon [_thread_blocked, id=5232, stack(0x000000001a780000,0x000000001a880000)]
  0x0000000018946800 JavaThread "C1 CompilerThread2" daemon [_thread_blocked, id=7840, stack(0x000000001a280000,0x000000001a380000)]
  0x0000000018941800 JavaThread "C2 CompilerThread1" daemon [_thread_blocked, id=7132, stack(0x000000001a180000,0x000000001a280000)]
  0x000000001893e800 JavaThread "C2 CompilerThread0" daemon [_thread_blocked, id=10272, stack(0x000000001a080000,0x000000001a180000)]
  0x000000001893d000 JavaThread "Attach Listener" daemon [_thread_blocked, id=8544, stack(0x0000000019f80000,0x000000001a080000)]
  0x000000001893c000 JavaThread "Signal Dispatcher" daemon [_thread_blocked, id=7752, stack(0x0000000019e80000,0x0000000019f80000)]
  0x000000001892a800 JavaThread "Finalizer" daemon [_thread_blocked, id=11988, stack(0x0000000019b90000,0x0000000019c90000)]
  0x0000000004fbf000 JavaThread "Reference Handler" daemon [_thread_blocked, id=11380, stack(0x0000000019a90000,0x0000000019b90000)]
  0x0000000004ed0800 JavaThread "main" [_thread_blocked, id=7832, stack(0x0000000004d40000,0x0000000004e40000)]

Other Threads:
  0x0000000018908000 VMThread [stack: 0x0000000019990000,0x0000000019a90000] [id=5284]
  0x000000001a3dd800 WatcherThread [stack: 0x000000001a880000,0x000000001a980000] [id=7980]

=>0x0000000004ee6800 (exited) GCTaskThread [stack: 0x00000000148a0000,0x00000000149a0000] [id=9732]

VM state:at safepoint (normal execution)

VM Mutex/Monitor currently owned by a thread:  ([mutex/lock_event])
[0x000000000309beb0] Threads_lock - owner thread: 0x0000000018908000
[0x000000000309ba30] Heap_lock - owner thread: 0x0000000022ef5800

Heap:
 PSYoungGen      total 349696K, used 175104K [0x00000000e0000000, 0x0000000100000000, 0x0000000100000000)
  eden space 175104K, 100% used [0x00000000e0000000,0x00000000eab00000,0x00000000eab00000)
  from space 174592K, 0% used [0x00000000eab00000,0x00000000eab00000,0x00000000f5580000)
  to   space 174592K, 0% used [0x00000000f5580000,0x00000000f5580000,0x0000000100000000)
 ParOldGen       total 1048576K, used 1009168K [0x00000000a0000000, 0x00000000e0000000, 0x00000000e0000000)
  object space 1048576K, 96% used [0x00000000a0000000,0x00000000dd984088,0x00000000e0000000)
 Metaspace       used 85594K, capacity 92382K, committed 99288K, reserved 1134592K
  class space    used 11023K, capacity 12158K, committed 13784K, reserved 1048576K

Card table byte_map: [0x0000000014390000,0x00000000146a0000] byte_map_base: 0x0000000013e90000

Marking Bits: (ParMarkBitMap*) 0x0000000070372f70
 Begin Bits: [0x0000000014ca0000, 0x00000000164a0000)
 End Bits:   [0x00000000164a0000, 0x0000000017ca0000)

Polling page: 0x0000000003050000

CodeCache: size=245760Kb used=79267Kb max_used=79406Kb free=166492Kb
 bounds [0x0000000004fd0000, 0x0000000009dd0000, 0x0000000013fd0000]
 total_blobs=21112 nmethods=20299 adapters=722
 compilation: enabled

Compilation events (10 events):
Event: 3031.056 Thread 0x000000001893e800 29769       4       com.android.dx.rop.code.Rops::opIfGt (13 bytes)
Event: 3031.062 Thread 0x000000001893e800 nmethod 29769 0x0000000009dcc650 code [0x0000000009dcc7e0, 0x0000000009dccac8]
Event: 3031.742 Thread 0x0000000018941800 29770       4       java.util.ComparableTimSort::mergeLo (656 bytes)
Event: 3031.786 Thread 0x0000000018941800 nmethod 29770 0x0000000009976dd0 code [0x0000000009976fa0, 0x0000000009978a98]
Event: 3035.744 Thread 0x000000001893e800 29771       4       com.android.dx.dex.file.EncodedArrayItem::addContents (9 bytes)
Event: 3035.748 Thread 0x000000001893e800 nmethod 29771 0x000000000582a710 code [0x000000000582a8a0, 0x000000000582ac48]
Event: 3035.956 Thread 0x0000000018941800 29772       4       com.android.dx.dex.file.TypeIdsSection::orderItems (43 bytes)
Event: 3035.962 Thread 0x0000000018941800 nmethod 29772 0x00000000051c4110 code [0x00000000051c4280, 0x00000000051c4508]
Event: 3036.005 Thread 0x000000001893e800 29773       4       com.android.dx.dex.code.form.Form12x::compatibleRegs (159 bytes)
Event: 3036.012 Thread 0x000000001893e800 nmethod 29773 0x0000000008ed7910 code [0x0000000008ed7ae0, 0x0000000008ed7f90]

GC Heap History (10 events):
Event: 3031.387 GC heap after
Heap after GC invocations=585 (full 59):
 PSYoungGen      total 348672K, used 78870K [0x00000000e0000000, 0x00000000ff000000, 0x0000000100000000)
  eden space 188928K, 0% used [0x00000000e0000000,0x00000000e0000000,0x00000000eb880000)
  from space 159744K, 49% used [0x00000000f5300000,0x00000000fa005ba8,0x00000000fef00000)
  to   space 158208K, 0% used [0x00000000eb880000,0x00000000eb880000,0x00000000f5300000)
 ParOldGen       total 1048576K, used 978013K [0x00000000a0000000, 0x00000000e0000000, 0x00000000e0000000)
  object space 1048576K, 93% used [0x00000000a0000000,0x00000000dbb17458,0x00000000e0000000)
 Metaspace       used 85594K, capacity 92382K, committed 99288K, reserved 1134592K
  class space    used 11023K, capacity 12158K, committed 13784K, reserved 1048576K
}
Event: 3031.580 GC heap before
{Heap before GC invocations=586 (full 59):
 PSYoungGen      total 348672K, used 267798K [0x00000000e0000000, 0x00000000ff000000, 0x0000000100000000)
  eden space 188928K, 100% used [0x00000000e0000000,0x00000000eb880000,0x00000000eb880000)
  from space 159744K, 49% used [0x00000000f5300000,0x00000000fa005ba8,0x00000000fef00000)
  to   space 158208K, 0% used [0x00000000eb880000,0x00000000eb880000,0x00000000f5300000)
 ParOldGen       total 1048576K, used 978013K [0x00000000a0000000, 0x00000000e0000000, 0x00000000e0000000)
  object space 1048576K, 93% used [0x00000000a0000000,0x00000000dbb17458,0x00000000e0000000)
 Metaspace       used 85594K, capacity 92382K, committed 99288K, reserved 1134592K
  class space    used 11023K, capacity 12158K, committed 13784K, reserved 1048576K
Event: 3031.692 GC heap after
Heap after GC invocations=586 (full 59):
 PSYoungGen      total 347136K, used 107339K [0x00000000e0000000, 0x0000000100000000, 0x0000000100000000)
  eden space 188928K, 0% used [0x00000000e0000000,0x00000000e0000000,0x00000000eb880000)
  from space 158208K, 67% used [0x00000000eb880000,0x00000000f2152c60,0x00000000f5300000)
  to   space 166400K, 0% used [0x00000000f5d80000,0x00000000f5d80000,0x0000000100000000)
 ParOldGen       total 1048576K, used 978013K [0x00000000a0000000, 0x00000000e0000000, 0x00000000e0000000)
  object space 1048576K, 93% used [0x00000000a0000000,0x00000000dbb17458,0x00000000e0000000)
 Metaspace       used 85594K, capacity 92382K, committed 99288K, reserved 1134592K
  class space    used 11023K, capacity 12158K, committed 13784K, reserved 1048576K
}
Event: 3031.869 GC heap before
{Heap before GC invocations=587 (full 59):
 PSYoungGen      total 347136K, used 296267K [0x00000000e0000000, 0x0000000100000000, 0x0000000100000000)
  eden space 188928K, 100% used [0x00000000e0000000,0x00000000eb880000,0x00000000eb880000)
  from space 158208K, 67% used [0x00000000eb880000,0x00000000f2152c60,0x00000000f5300000)
  to   space 166400K, 0% used [0x00000000f5d80000,0x00000000f5d80000,0x0000000100000000)
 ParOldGen       total 1048576K, used 978013K [0x00000000a0000000, 0x00000000e0000000, 0x00000000e0000000)
  object space 1048576K, 93% used [0x00000000a0000000,0x00000000dbb17458,0x00000000e0000000)
 Metaspace       used 85594K, capacity 92382K, committed 99288K, reserved 1134592K
  class space    used 11023K, capacity 12158K, committed 13784K, reserved 1048576K
Event: 3032.009 GC heap after
Heap after GC invocations=587 (full 59):
 PSYoungGen      total 341504K, used 134690K [0x00000000e0000000, 0x0000000100000000, 0x0000000100000000)
  eden space 175104K, 0% used [0x00000000e0000000,0x00000000e0000000,0x00000000eab00000)
  from space 166400K, 80% used [0x00000000f5d80000,0x00000000fe108b08,0x0000000100000000)
  to   space 174592K, 0% used [0x00000000eab00000,0x00000000eab00000,0x00000000f5580000)
 ParOldGen       total 1048576K, used 978013K [0x00000000a0000000, 0x00000000e0000000, 0x00000000e0000000)
  object space 1048576K, 93% used [0x00000000a0000000,0x00000000dbb17458,0x00000000e0000000)
 Metaspace       used 85594K, capacity 92382K, committed 99288K, reserved 1134592K
  class space    used 11023K, capacity 12158K, committed 13784K, reserved 1048576K
}
Event: 3032.162 GC heap before
{Heap before GC invocations=588 (full 59):
 PSYoungGen      total 341504K, used 309794K [0x00000000e0000000, 0x0000000100000000, 0x0000000100000000)
  eden space 175104K, 100% used [0x00000000e0000000,0x00000000eab00000,0x00000000eab00000)
  from space 166400K, 80% used [0x00000000f5d80000,0x00000000fe108b08,0x0000000100000000)
  to   space 174592K, 0% used [0x00000000eab00000,0x00000000eab00000,0x00000000f5580000)
 ParOldGen       total 1048576K, used 978352K [0x00000000a0000000, 0x00000000e0000000, 0x00000000e0000000)
  object space 1048576K, 93% used [0x00000000a0000000,0x00000000dbb6c350,0x00000000e0000000)
 Metaspace       used 85594K, capacity 92382K, committed 99288K, reserved 1134592K
  class space    used 11023K, capacity 12158K, committed 13784K, reserved 1048576K
Event: 3032.325 GC heap after
Heap after GC invocations=588 (full 59):
 PSYoungGen      total 349696K, used 109258K [0x00000000e0000000, 0x0000000100000000, 0x0000000100000000)
  eden space 175104K, 0% used [0x00000000e0000000,0x00000000e0000000,0x00000000eab00000)
  from space 174592K, 62% used [0x00000000eab00000,0x00000000f15b29d8,0x00000000f5580000)
  to   space 174592K, 0% used [0x00000000f5580000,0x00000000f5580000,0x0000000100000000)
 ParOldGen       total 1048576K, used 1028917K [0x00000000a0000000, 0x00000000e0000000, 0x00000000e0000000)
  object space 1048576K, 98% used [0x00000000a0000000,0x00000000deccd648,0x00000000e0000000)
 Metaspace       used 85594K, capacity 92382K, committed 99288K, reserved 1134592K
  class space    used 11023K, capacity 12158K, committed 13784K, reserved 1048576K
}
Event: 3032.325 GC heap before
{Heap before GC invocations=589 (full 60):
 PSYoungGen      total 349696K, used 109258K [0x00000000e0000000, 0x0000000100000000, 0x0000000100000000)
  eden space 175104K, 0% used [0x00000000e0000000,0x00000000e0000000,0x00000000eab00000)
  from space 174592K, 62% used [0x00000000eab00000,0x00000000f15b29d8,0x00000000f5580000)
  to   space 174592K, 0% used [0x00000000f5580000,0x00000000f5580000,0x0000000100000000)
 ParOldGen       total 1048576K, used 1028917K [0x00000000a0000000, 0x00000000e0000000, 0x00000000e0000000)
  object space 1048576K, 98% used [0x00000000a0000000,0x00000000deccd648,0x00000000e0000000)
 Metaspace       used 85594K, capacity 92382K, committed 99288K, reserved 1134592K
  class space    used 11023K, capacity 12158K, committed 13784K, reserved 1048576K
Event: 3035.237 GC heap after
Heap after GC invocations=589 (full 60):
 PSYoungGen      total 349696K, used 0K [0x00000000e0000000, 0x0000000100000000, 0x0000000100000000)
  eden space 175104K, 0% used [0x00000000e0000000,0x00000000e0000000,0x00000000eab00000)
  from space 174592K, 0% used [0x00000000eab00000,0x00000000eab00000,0x00000000f5580000)
  to   space 174592K, 0% used [0x00000000f5580000,0x00000000f5580000,0x0000000100000000)
 ParOldGen       total 1048576K, used 1009166K [0x00000000a0000000, 0x00000000e0000000, 0x00000000e0000000)
  object space 1048576K, 96% used [0x00000000a0000000,0x00000000dd983ac0,0x00000000e0000000)
 Metaspace       used 85594K, capacity 92382K, committed 99288K, reserved 1134592K
  class space    used 11023K, capacity 12158K, committed 13784K, reserved 1048576K
}
Event: 3036.171 GC heap before
{Heap before GC invocations=590 (full 61):
 PSYoungGen      total 349696K, used 175104K [0x00000000e0000000, 0x0000000100000000, 0x0000000100000000)
  eden space 175104K, 100% used [0x00000000e0000000,0x00000000eab00000,0x00000000eab00000)
  from space 174592K, 0% used [0x00000000eab00000,0x00000000eab00000,0x00000000f5580000)
  to   space 174592K, 0% used [0x00000000f5580000,0x00000000f5580000,0x0000000100000000)
 ParOldGen       total 1048576K, used 1009168K [0x00000000a0000000, 0x00000000e0000000, 0x00000000e0000000)
  object space 1048576K, 96% used [0x00000000a0000000,0x00000000dd984088,0x00000000e0000000)
 Metaspace       used 85594K, capacity 92382K, committed 99288K, reserved 1134592K
  class space    used 11023K, capacity 12158K, committed 13784K, reserved 1048576K

Deoptimization events (10 events):
Event: 2907.192 Thread 0x0000000022ef7000 Uncommon trap: reason=unstable_if action=reinterpret pc=0x00000000096a16d8 method=org.gradle.api.internal.DefaultDomainObjectCollection.doAdd(Ljava/lang/Object;)Z @ 10
Event: 2909.894 Thread 0x0000000022ef7000 Uncommon trap: reason=bimorphic action=maybe_recompile pc=0x0000000009ab6acc method=com.sun.tools.javac.tree.TreeInfo.flags(Lcom/sun/tools/javac/tree/JCTree;)J @ 4
Event: 2909.897 Thread 0x0000000022ef7000 Uncommon trap: reason=bimorphic action=maybe_recompile pc=0x0000000009ab6acc method=com.sun.tools.javac.tree.TreeInfo.flags(Lcom/sun/tools/javac/tree/JCTree;)J @ 4
Event: 2909.899 Thread 0x0000000022ef7000 Uncommon trap: reason=bimorphic action=maybe_recompile pc=0x0000000009ab6acc method=com.sun.tools.javac.tree.TreeInfo.flags(Lcom/sun/tools/javac/tree/JCTree;)J @ 4
Event: 2909.900 Thread 0x0000000022ef7000 Uncommon trap: reason=bimorphic action=maybe_recompile pc=0x0000000009ab6acc method=com.sun.tools.javac.tree.TreeInfo.flags(Lcom/sun/tools/javac/tree/JCTree;)J @ 4
Event: 2912.239 Thread 0x0000000022ef7000 Uncommon trap: reason=unstable_if action=reinterpret pc=0x000000000905bfb8 method=java.io.BufferedReader.read1([CII)I @ 17
Event: 2928.625 Thread 0x000000001db8d000 Uncommon trap: reason=unstable_if action=reinterpret pc=0x00000000054fe7a8 method=com.android.dx.util.ListIntSet.add(I)V @ 10
Event: 3007.614 Thread 0x0000000022ef7000 Uncommon trap: reason=unstable_if action=reinterpret pc=0x0000000009a1714c method=com.sun.tools.javac.jvm.ClassReader.sigToType()Lcom/sun/tools/javac/code/Type; @ 288
Event: 3007.925 Thread 0x0000000022ef7000 Uncommon trap: reason=unstable_if action=reinterpret pc=0x0000000008ccdeec method=org.objectweb.asm.ClassReader.readUTF8(I[C)Ljava/lang/String; @ 11
Event: 3035.297 Thread 0x0000000022eec800 Uncommon trap: reason=bimorphic action=maybe_recompile pc=0x0000000005a61db4 method=java.util.concurrent.locks.AbstractQueuedSynchronizer.acquireQueued(Ljava/util/concurrent/locks/AbstractQueuedSynchronizer$Node;I)Z @ 22

Internal exceptions (10 events):
Event: 3003.894 Thread 0x0000000022ef7000 Exception <a 'sun/nio/fs/WindowsException'> (0x00000000e4dc4730) thrown at [C:\re\workspace\8-2-build-windows-amd64-cygwin\jdk8u91\7017\hotspot\src\share\vm\prims\jni.cpp, line 709]
Event: 3003.894 Thread 0x0000000022ef7000 Exception <a 'sun/nio/fs/WindowsException'> (0x00000000e4dc52e8) thrown at [C:\re\workspace\8-2-build-windows-amd64-cygwin\jdk8u91\7017\hotspot\src\share\vm\prims\jni.cpp, line 709]
Event: 3003.895 Thread 0x0000000022ef7000 Exception <a 'sun/nio/fs/WindowsException'> (0x00000000e4dc7cb0) thrown at [C:\re\workspace\8-2-build-windows-amd64-cygwin\jdk8u91\7017\hotspot\src\share\vm\prims\jni.cpp, line 709]
Event: 3003.895 Thread 0x0000000022ef7000 Exception <a 'sun/nio/fs/WindowsException'> (0x00000000e4dc8898) thrown at [C:\re\workspace\8-2-build-windows-amd64-cygwin\jdk8u91\7017\hotspot\src\share\vm\prims\jni.cpp, line 709]
Event: 3003.895 Thread 0x0000000022ef7000 Exception <a 'sun/nio/fs/WindowsException'> (0x00000000e4dca4b0) thrown at [C:\re\workspace\8-2-build-windows-amd64-cygwin\jdk8u91\7017\hotspot\src\share\vm\prims\jni.cpp, line 709]
Event: 3003.895 Thread 0x0000000022ef7000 Exception <a 'sun/nio/fs/WindowsException'> (0x00000000e4dcb0d8) thrown at [C:\re\workspace\8-2-build-windows-amd64-cygwin\jdk8u91\7017\hotspot\src\share\vm\prims\jni.cpp, line 709]
Event: 3003.895 Thread 0x0000000022ef7000 Exception <a 'sun/nio/fs/WindowsException'> (0x00000000e4dcdc70) thrown at [C:\re\workspace\8-2-build-windows-amd64-cygwin\jdk8u91\7017\hotspot\src\share\vm\prims\jni.cpp, line 709]
Event: 3003.895 Thread 0x0000000022ef7000 Exception <a 'sun/nio/fs/WindowsException'> (0x00000000e4dce8d0) thrown at [C:\re\workspace\8-2-build-windows-amd64-cygwin\jdk8u91\7017\hotspot\src\share\vm\prims\jni.cpp, line 709]
Event: 3003.895 Thread 0x0000000022ef7000 Exception <a 'sun/nio/fs/WindowsException'> (0x00000000e4dd0560) thrown at [C:\re\workspace\8-2-build-windows-amd64-cygwin\jdk8u91\7017\hotspot\src\share\vm\prims\jni.cpp, line 709]
Event: 3003.896 Thread 0x0000000022ef7000 Exception <a 'sun/nio/fs/WindowsException'> (0x00000000e4dd1200) thrown at [C:\re\workspace\8-2-build-windows-amd64-cygwin\jdk8u91\7017\hotspot\src\share\vm\prims\jni.cpp, line 709]

Events (10 events):
Event: 3035.528 Thread 0x0000000022ef3000 Thread exited: 0x0000000022ef3000
Event: 3035.748 Thread 0x000000001893e800 flushing nmethod 0x0000000005ae6810
Event: 3035.956 Thread 0x0000000022ef5800 DEOPT PACKING pc=0x00000000065cb989 sp=0x000000004582eac0
Event: 3035.956 Thread 0x0000000022ef5800 DEOPT UNPACKING pc=0x000000000501787f sp=0x000000004582e840 mode 0
Event: 3035.962 Thread 0x0000000018941800 flushing nmethod 0x0000000005e7d550
Event: 3035.962 Thread 0x0000000018941800 flushing nmethod 0x0000000005e7d810
Event: 3035.963 Thread 0x0000000018941800 flushing nmethod 0x00000000060684d0
Event: 3035.963 Thread 0x0000000018941800 flushing nmethod 0x00000000060e65d0
Event: 3036.013 Thread 0x000000001893e800 flushing nmethod 0x00000000063c6850
Event: 3036.170 Executing VM operation: ParallelGCFailedAllocation


Dynamic libraries:
0x00007ff7e9af0000 - 0x00007ff7e9b27000 	C:\Program Files\Java\jdk1.8.0_91\bin\java.exe
0x00007fff32300000 - 0x00007fff324e0000 	C:\WINDOWS\SYSTEM32\ntdll.dll
0x00007fff2fd30000 - 0x00007fff2fdde000 	C:\WINDOWS\System32\KERNEL32.DLL
0x00007fff2f2a0000 - 0x00007fff2f506000 	C:\WINDOWS\System32\KERNELBASE.dll
0x00007fff316c0000 - 0x00007fff31761000 	C:\WINDOWS\System32\ADVAPI32.dll
0x00007fff2f9c0000 - 0x00007fff2fa5d000 	C:\WINDOWS\System32\msvcrt.dll
0x00007fff2f7d0000 - 0x00007fff2f82b000 	C:\WINDOWS\System32\sechost.dll
0x00007fff2f830000 - 0x00007fff2f94f000 	C:\WINDOWS\System32\RPCRT4.dll
0x00007fff31270000 - 0x00007fff313ff000 	C:\WINDOWS\System32\USER32.dll
0x00007fff2f7b0000 - 0x00007fff2f7d0000 	C:\WINDOWS\System32\win32u.dll
0x00007fff31690000 - 0x00007fff316b8000 	C:\WINDOWS\System32\GDI32.dll
0x00007fff2f510000 - 0x00007fff2f6a3000 	C:\WINDOWS\System32\gdi32full.dll
0x00007fff2e700000 - 0x00007fff2e79b000 	C:\WINDOWS\System32\msvcp_win.dll
0x00007fff2f6b0000 - 0x00007fff2f7a6000 	C:\WINDOWS\System32\ucrtbase.dll
0x00007fff21f70000 - 0x00007fff221d9000 	C:\WINDOWS\WinSxS\amd64_microsoft.windows.common-controls_6595b64144ccf1df_6.0.16299.371_none_15c7d1789365a290\COMCTL32.dll
0x00007fff31f50000 - 0x00007fff32258000 	C:\WINDOWS\System32\combase.dll
0x00007fff2e850000 - 0x00007fff2e8c2000 	C:\WINDOWS\System32\bcryptPrimitives.dll
0x00007fff31220000 - 0x00007fff3124d000 	C:\WINDOWS\System32\IMM32.DLL
0x0000000070ef0000 - 0x0000000070fc2000 	C:\Program Files\Java\jdk1.8.0_91\jre\bin\msvcr100.dll
0x000000006fb60000 - 0x00000000703f3000 	C:\Program Files\Java\jdk1.8.0_91\jre\bin\server\jvm.dll
0x00007fff2f9b0000 - 0x00007fff2f9b8000 	C:\WINDOWS\System32\PSAPI.DLL
0x00007ffef58c0000 - 0x00007ffef58c9000 	C:\WINDOWS\SYSTEM32\WSOCK32.dll
0x00007fff2bce0000 - 0x00007fff2bd03000 	C:\WINDOWS\SYSTEM32\WINMM.dll
0x00007fff221e0000 - 0x00007fff221ea000 	C:\WINDOWS\SYSTEM32\VERSION.dll
0x00007fff32260000 - 0x00007fff322cc000 	C:\WINDOWS\System32\WS2_32.dll
0x00007fff2bcb0000 - 0x00007fff2bcda000 	C:\WINDOWS\SYSTEM32\WINMMBASE.dll
0x00007fff2e7a0000 - 0x00007fff2e7ea000 	C:\WINDOWS\System32\cfgmgr32.dll
0x0000000072b10000 - 0x0000000072b1f000 	C:\Program Files\Java\jdk1.8.0_91\jre\bin\verify.dll
0x0000000072ae0000 - 0x0000000072b09000 	C:\Program Files\Java\jdk1.8.0_91\jre\bin\java.dll
0x0000000072ac0000 - 0x0000000072ad6000 	C:\Program Files\Java\jdk1.8.0_91\jre\bin\zip.dll
0x00007fff2fde0000 - 0x00007fff31216000 	C:\WINDOWS\System32\SHELL32.dll
0x00007fff314b0000 - 0x00007fff31556000 	C:\WINDOWS\System32\shcore.dll
0x00007fff2eaa0000 - 0x00007fff2f1e7000 	C:\WINDOWS\System32\windows.storage.dll
0x00007fff2f950000 - 0x00007fff2f9a1000 	C:\WINDOWS\System32\shlwapi.dll
0x00007fff2e650000 - 0x00007fff2e661000 	C:\WINDOWS\System32\kernel.appcore.dll
0x00007fff2e670000 - 0x00007fff2e6bc000 	C:\WINDOWS\System32\powrprof.dll
0x00007fff2e6e0000 - 0x00007fff2e6fb000 	C:\WINDOWS\System32\profapi.dll
0x0000000072aa0000 - 0x0000000072aba000 	C:\Program Files\Java\jdk1.8.0_91\jre\bin\net.dll
0x00007fff2dee0000 - 0x00007fff2df46000 	C:\WINDOWS\system32\mswsock.dll
0x00000000729b0000 - 0x00000000729c1000 	C:\Program Files\Java\jdk1.8.0_91\jre\bin\nio.dll
0x00007fff2bec0000 - 0x00007fff2bed2000 	C:\Users\Ankita\.gradle\native\19\windows-amd64\native-platform.dll
0x00007fff2e0a0000 - 0x00007fff2e0b7000 	C:\WINDOWS\SYSTEM32\CRYPTSP.dll
0x00007fff2da80000 - 0x00007fff2dab3000 	C:\WINDOWS\system32\rsaenh.dll
0x00007fff2e1b0000 - 0x00007fff2e1d5000 	C:\WINDOWS\SYSTEM32\bcrypt.dll
0x00007fff2e580000 - 0x00007fff2e5a9000 	C:\WINDOWS\SYSTEM32\USERENV.dll
0x00007fff2e0c0000 - 0x00007fff2e0cb000 	C:\WINDOWS\SYSTEM32\CRYPTBASE.dll
0x00007fff2dc70000 - 0x00007fff2dca9000 	C:\WINDOWS\SYSTEM32\IPHLPAPI.DLL
0x00007fff2fbd0000 - 0x00007fff2fbd8000 	C:\WINDOWS\System32\NSI.dll
0x00007fff245c0000 - 0x00007fff245d6000 	C:\WINDOWS\SYSTEM32\dhcpcsvc6.DLL
0x00007fff24a60000 - 0x00007fff24a7a000 	C:\WINDOWS\SYSTEM32\dhcpcsvc.DLL
0x00000000729a0000 - 0x00000000729ad000 	C:\Program Files\Java\jdk1.8.0_91\jre\bin\management.dll
0x00007fff2c9d0000 - 0x00007fff2ca58000 	C:\WINDOWS\system32\apphelp.dll
0x0000000072970000 - 0x0000000072994000 	C:\Program Files\Java\jdk1.8.0_91\jre\bin\sunec.dll
0x00007fff2dcb0000 - 0x00007fff2dd66000 	C:\WINDOWS\SYSTEM32\DNSAPI.dll
0x00007fff23670000 - 0x00007fff2367a000 	C:\Windows\System32\rasadhlp.dll
0x00007fff24110000 - 0x00007fff24180000 	C:\WINDOWS\System32\fwpuclnt.dll
0x00007fff26650000 - 0x00007fff26666000 	C:\WINDOWS\system32\napinsp.dll
0x00007fff26610000 - 0x00007fff2662a000 	C:\WINDOWS\system32\pnrpnsp.dll
0x00007fff25e40000 - 0x00007fff25e58000 	C:\WINDOWS\system32\NLAapi.dll
0x00007fff1a410000 - 0x00007fff1a41e000 	C:\WINDOWS\System32\winrnr.dll
0x00007fff27dc0000 - 0x00007fff27dd5000 	C:\WINDOWS\System32\wshbth.dll
0x00007fff2d050000 - 0x00007fff2d218000 	C:\WINDOWS\SYSTEM32\dbghelp.dll

VM Arguments:
jvm_args: -Xmx1536m -Dfile.encoding=windows-1252 -Duser.country=IN -Duser.language=en -Duser.variant 
java_command: org.gradle.launcher.daemon.bootstrap.GradleDaemon 2.14.1
java_class_path (initial): C:\Program Files\Android\Android Studio\gradle\gradle-2.14.1\lib\gradle-launcher-2.14.1.jar
Launcher Type: SUN_STANDARD

Environment Variables:
CLASSPATH=E:\java\arrays;E:\java\networking;E:\java\strings;E:\java\swingawt;E:\java;
PATH=C:\ProgramData\Oracle\Java\javapath;C:\WINDOWS\system32;C:\WINDOWS;C:\WINDOWS\System32\Wbem;C:\WINDOWS\System32\WindowsPowerShell\v1.0\;C:\Users\Ankita\AppData\Local\Microsoft\WindowsApps;C:\Program Files\Java\jdk1.8.0_91\bin;C:\Users\Ankita\Downloads\android-ndk-r10c-windows-x86_64.exe;
USERNAME=Ankita
OS=Windows_NT
PROCESSOR_IDENTIFIER=Intel64 Family 6 Model 78 Stepping 3, GenuineIntel



---------------  S Y S T E M  ---------------

OS: Windows 10.0 , 64 bit Build 16299 (10.0.16299.15)

CPU:total 4 (2 cores per cpu, 2 threads per core) family 6 model 78 stepping 3, cmov, cx8, fxsr, mmx, sse, sse2, sse3, ssse3, sse4.1, sse4.2, popcnt, avx, avx2, aes, clmul, erms, rtm, 3dnowpref, lzcnt, ht, tsc, tscinvbit, bmi1, bmi2, adx

Memory: 4k page, physical 8292256k(1561344k free), swap 9602976k(2358056k free)

vm_info: Java HotSpot(TM) 64-Bit Server VM (25.91-b15) for windows-amd64 JRE (1.8.0_91-b15), built on May 20 2016 17:43:15 by "java_re" with MS VC++ 10.0 (VS2010)

time: Fri Apr 20 22:58:48 2018
elapsed time: 3036 seconds (0d 0h 50m 36s)

